2022-04-13 13:45:24.077  INFO 7260 --- [restartedMain] o.s.nativex.NativeListener               : AOT mode disabled
2022-04-13 13:45:24.329  INFO 7260 --- [restartedMain] i.e.EmployeePayrollAppBackEndApplication : Starting EmployeePayrollAppBackEndApplication using Java 17.0.1 on DESKTOP-2J0GT4E with PID 7260 (C:\Users\InfoGalaxy\IdeaProjects\EmployeePayrollAppBackEnd\target\classes started by InfoGalaxy in C:\Users\InfoGalaxy\IdeaProjects\EmployeePayrollAppBackEnd)
2022-04-13 13:45:24.329  INFO 7260 --- [restartedMain] i.e.EmployeePayrollAppBackEndApplication : No active profile set, falling back to 1 default profile: "default"
2022-04-13 13:45:24.576  INFO 7260 --- [restartedMain] .e.DevToolsPropertyDefaultsPostProcessor : Devtools property defaults active! Set 'spring.devtools.add-properties' to 'false' to disable
2022-04-13 13:45:24.576  INFO 7260 --- [restartedMain] .e.DevToolsPropertyDefaultsPostProcessor : For additional web related logging consider setting the 'logging.level.web' property to 'DEBUG'
2022-04-13 13:45:27.086  INFO 7260 --- [restartedMain] .s.d.r.c.RepositoryConfigurationDelegate : Bootstrapping Spring Data JPA repositories in DEFAULT mode.
2022-04-13 13:45:27.149  INFO 7260 --- [restartedMain] .s.d.r.c.RepositoryConfigurationDelegate : Finished Spring Data repository scanning in 28 ms. Found 0 JPA repository interfaces.
2022-04-13 13:45:29.586  INFO 7260 --- [restartedMain] o.s.b.w.embedded.tomcat.TomcatWebServer  : Tomcat initialized with port(s): 8080 (http)
2022-04-13 13:45:29.602  INFO 7260 --- [restartedMain] o.apache.catalina.core.StandardService   : Starting service [Tomcat]
2022-04-13 13:45:29.617  INFO 7260 --- [restartedMain] org.apache.catalina.core.StandardEngine  : Starting Servlet engine: [Apache Tomcat/9.0.60]
2022-04-13 13:45:29.977  INFO 7260 --- [restartedMain] o.a.c.c.C.[Tomcat].[localhost].[/]       : Initializing Spring embedded WebApplicationContext
2022-04-13 13:45:29.977  INFO 7260 --- [restartedMain] w.s.c.ServletWebServerApplicationContext : Root WebApplicationContext: initialization completed in 5401 ms
2022-04-13 13:45:30.361  INFO 7260 --- [restartedMain] com.zaxxer.hikari.HikariDataSource       : HikariPool-1 - Starting...
2022-04-13 13:45:31.486  INFO 7260 --- [restartedMain] com.zaxxer.hikari.HikariDataSource       : HikariPool-1 - Start completed.
2022-04-13 13:45:31.673  INFO 7260 --- [restartedMain] o.hibernate.jpa.internal.util.LogHelper  : HHH000204: Processing PersistenceUnitInfo [name: default]
2022-04-13 13:45:31.892  INFO 7260 --- [restartedMain] org.hibernate.Version                    : HHH000412: Hibernate ORM core version 5.6.7.Final
2022-04-13 13:45:32.064  INFO 7260 --- [restartedMain] o.hibernate.annotations.common.Version   : HCANN000001: Hibernate Commons Annotations {5.1.2.Final}
2022-04-13 13:45:32.500  INFO 7260 --- [restartedMain] org.hibernate.dialect.Dialect            : HHH000400: Using dialect: org.hibernate.dialect.MySQL8Dialect
2022-04-13 13:45:33.000  INFO 7260 --- [restartedMain] o.h.e.t.j.p.i.JtaPlatformInitiator       : HHH000490: Using JtaPlatform implementation: [org.hibernate.engine.transaction.jta.platform.internal.NoJtaPlatform]
2022-04-13 13:45:33.047  INFO 7260 --- [restartedMain] j.LocalContainerEntityManagerFactoryBean : Initialized JPA EntityManagerFactory for persistence unit 'default'
2022-04-13 13:45:33.250  WARN 7260 --- [restartedMain] JpaBaseConfiguration$JpaWebConfiguration : spring.jpa.open-in-view is enabled by default. Therefore, database queries may be performed during view rendering. Explicitly configure spring.jpa.open-in-view to disable this warning
2022-04-13 13:45:34.375  INFO 7260 --- [restartedMain] o.s.b.d.a.OptionalLiveReloadServer       : LiveReload server is running on port 35729
2022-04-13 13:45:34.515  INFO 7260 --- [restartedMain] o.s.b.w.embedded.tomcat.TomcatWebServer  : Tomcat started on port(s): 8080 (http) with context path ''
2022-04-13 13:45:34.562  INFO 7260 --- [restartedMain] i.e.EmployeePayrollAppBackEndApplication : Started EmployeePayrollAppBackEndApplication in 11.667 seconds (JVM running for 14.604)
2022-04-13 13:45:34.578  INFO 7260 --- [restartedMain] i.e.EmployeePayrollAppBackEndApplication : Employee Payroll App Service Started.
2022-04-13 13:54:11.765  INFO 7260 --- [SpringApplicationShutdownHook] j.LocalContainerEntityManagerFactoryBean : Closing JPA EntityManagerFactory for persistence unit 'default'
2022-04-13 13:54:11.781  INFO 7260 --- [SpringApplicationShutdownHook] com.zaxxer.hikari.HikariDataSource       : HikariPool-1 - Shutdown initiated...
2022-04-13 13:54:11.827  INFO 7260 --- [SpringApplicationShutdownHook] com.zaxxer.hikari.HikariDataSource       : HikariPool-1 - Shutdown completed.
2022-04-13 13:54:23.683  INFO 5484 --- [restartedMain] o.s.nativex.NativeListener               : AOT mode disabled
2022-04-13 13:54:24.022  INFO 5484 --- [restartedMain] i.e.EmployeePayrollAppBackEndApplication : Starting EmployeePayrollAppBackEndApplication using Java 17.0.1 on DESKTOP-2J0GT4E with PID 5484 (C:\Users\InfoGalaxy\IdeaProjects\EmployeePayrollAppBackEnd\target\classes started by InfoGalaxy in C:\Users\InfoGalaxy\IdeaProjects\EmployeePayrollAppBackEnd)
2022-04-13 13:54:24.022 DEBUG 5484 --- [restartedMain] i.e.EmployeePayrollAppBackEndApplication : Running with Spring Boot v2.6.6, Spring v5.3.18
2022-04-13 13:54:24.022  INFO 5484 --- [restartedMain] i.e.EmployeePayrollAppBackEndApplication : No active profile set, falling back to 1 default profile: "default"
2022-04-13 13:54:24.354  INFO 5484 --- [restartedMain] .e.DevToolsPropertyDefaultsPostProcessor : Devtools property defaults active! Set 'spring.devtools.add-properties' to 'false' to disable
2022-04-13 13:54:24.355  INFO 5484 --- [restartedMain] .e.DevToolsPropertyDefaultsPostProcessor : For additional web related logging consider setting the 'logging.level.web' property to 'DEBUG'
2022-04-13 13:54:27.291  INFO 5484 --- [restartedMain] .s.d.r.c.RepositoryConfigurationDelegate : Bootstrapping Spring Data JPA repositories in DEFAULT mode.
2022-04-13 13:54:27.370  INFO 5484 --- [restartedMain] .s.d.r.c.RepositoryConfigurationDelegate : Finished Spring Data repository scanning in 36 ms. Found 0 JPA repository interfaces.
2022-04-13 13:54:30.211  INFO 5484 --- [restartedMain] o.s.b.w.embedded.tomcat.TomcatWebServer  : Tomcat initialized with port(s): 8080 (http)
2022-04-13 13:54:30.240  INFO 5484 --- [restartedMain] o.apache.catalina.core.StandardService   : Starting service [Tomcat]
2022-04-13 13:54:30.240  INFO 5484 --- [restartedMain] org.apache.catalina.core.StandardEngine  : Starting Servlet engine: [Apache Tomcat/9.0.60]
2022-04-13 13:54:30.590  INFO 5484 --- [restartedMain] o.a.c.c.C.[Tomcat].[localhost].[/]       : Initializing Spring embedded WebApplicationContext
2022-04-13 13:54:30.590  INFO 5484 --- [restartedMain] w.s.c.ServletWebServerApplicationContext : Root WebApplicationContext: initialization completed in 6230 ms
2022-04-13 13:54:30.973  INFO 5484 --- [restartedMain] com.zaxxer.hikari.HikariDataSource       : HikariPool-1 - Starting...
2022-04-13 13:54:32.033  INFO 5484 --- [restartedMain] com.zaxxer.hikari.HikariDataSource       : HikariPool-1 - Start completed.
2022-04-13 13:54:32.196  INFO 5484 --- [restartedMain] o.hibernate.jpa.internal.util.LogHelper  : HHH000204: Processing PersistenceUnitInfo [name: default]
2022-04-13 13:54:32.365  INFO 5484 --- [restartedMain] org.hibernate.Version                    : HHH000412: Hibernate ORM core version 5.6.7.Final
2022-04-13 13:54:32.497  INFO 5484 --- [restartedMain] o.hibernate.annotations.common.Version   : HCANN000001: Hibernate Commons Annotations {5.1.2.Final}
2022-04-13 13:54:32.932  INFO 5484 --- [restartedMain] org.hibernate.dialect.Dialect            : HHH000400: Using dialect: org.hibernate.dialect.MySQL8Dialect
2022-04-13 13:54:33.502  INFO 5484 --- [restartedMain] o.h.e.t.j.p.i.JtaPlatformInitiator       : HHH000490: Using JtaPlatform implementation: [org.hibernate.engine.transaction.jta.platform.internal.NoJtaPlatform]
2022-04-13 13:54:33.533  INFO 5484 --- [restartedMain] j.LocalContainerEntityManagerFactoryBean : Initialized JPA EntityManagerFactory for persistence unit 'default'
2022-04-13 13:54:33.767  WARN 5484 --- [restartedMain] JpaBaseConfiguration$JpaWebConfiguration : spring.jpa.open-in-view is enabled by default. Therefore, database queries may be performed during view rendering. Explicitly configure spring.jpa.open-in-view to disable this warning
2022-04-13 13:54:34.845  INFO 5484 --- [restartedMain] o.s.b.d.a.OptionalLiveReloadServer       : LiveReload server is running on port 35729
2022-04-13 13:54:35.017  INFO 5484 --- [restartedMain] o.s.b.w.embedded.tomcat.TomcatWebServer  : Tomcat started on port(s): 8080 (http) with context path ''
2022-04-13 13:54:35.080  INFO 5484 --- [restartedMain] i.e.EmployeePayrollAppBackEndApplication : Started EmployeePayrollAppBackEndApplication in 12.739 seconds (JVM running for 16.132)
2022-04-13 13:54:35.080  INFO 5484 --- [restartedMain] i.e.EmployeePayrollAppBackEndApplication : Employee Payroll App Service Started.
2022-04-13 13:56:02.655  INFO 5484 --- [SpringApplicationShutdownHook] j.LocalContainerEntityManagerFactoryBean : Closing JPA EntityManagerFactory for persistence unit 'default'
2022-04-13 13:56:02.686  INFO 5484 --- [SpringApplicationShutdownHook] com.zaxxer.hikari.HikariDataSource       : HikariPool-1 - Shutdown initiated...
2022-04-13 13:56:02.733  INFO 5484 --- [SpringApplicationShutdownHook] com.zaxxer.hikari.HikariDataSource       : HikariPool-1 - Shutdown completed.
2022-04-13 13:56:22.716  INFO 3492 --- [restartedMain] o.s.nativex.NativeListener               : AOT mode disabled
2022-04-13 13:56:22.985  INFO 3492 --- [restartedMain] i.e.EmployeePayrollAppBackEndApplication : Starting EmployeePayrollAppBackEndApplication using Java 17.0.1 on DESKTOP-2J0GT4E with PID 3492 (C:\Users\InfoGalaxy\IdeaProjects\EmployeePayrollAppBackEnd\target\classes started by InfoGalaxy in C:\Users\InfoGalaxy\IdeaProjects\EmployeePayrollAppBackEnd)
2022-04-13 13:56:22.985 DEBUG 3492 --- [restartedMain] i.e.EmployeePayrollAppBackEndApplication : Running with Spring Boot v2.6.6, Spring v5.3.18
2022-04-13 13:56:22.985  INFO 3492 --- [restartedMain] i.e.EmployeePayrollAppBackEndApplication : No active profile set, falling back to 1 default profile: "default"
2022-04-13 13:56:23.210  INFO 3492 --- [restartedMain] .e.DevToolsPropertyDefaultsPostProcessor : Devtools property defaults active! Set 'spring.devtools.add-properties' to 'false' to disable
2022-04-13 13:56:23.210  INFO 3492 --- [restartedMain] .e.DevToolsPropertyDefaultsPostProcessor : For additional web related logging consider setting the 'logging.level.web' property to 'DEBUG'
2022-04-13 13:56:25.685  INFO 3492 --- [restartedMain] .s.d.r.c.RepositoryConfigurationDelegate : Bootstrapping Spring Data JPA repositories in DEFAULT mode.
2022-04-13 13:56:25.739  INFO 3492 --- [restartedMain] .s.d.r.c.RepositoryConfigurationDelegate : Finished Spring Data repository scanning in 28 ms. Found 0 JPA repository interfaces.
2022-04-13 13:56:27.915  INFO 3492 --- [restartedMain] o.s.b.w.embedded.tomcat.TomcatWebServer  : Tomcat initialized with port(s): 8080 (http)
2022-04-13 13:56:27.931  INFO 3492 --- [restartedMain] o.apache.catalina.core.StandardService   : Starting service [Tomcat]
2022-04-13 13:56:27.931  INFO 3492 --- [restartedMain] org.apache.catalina.core.StandardEngine  : Starting Servlet engine: [Apache Tomcat/9.0.60]
2022-04-13 13:56:28.301  INFO 3492 --- [restartedMain] o.a.c.c.C.[Tomcat].[localhost].[/]       : Initializing Spring embedded WebApplicationContext
2022-04-13 13:56:28.301  INFO 3492 --- [restartedMain] w.s.c.ServletWebServerApplicationContext : Root WebApplicationContext: initialization completed in 5075 ms
2022-04-13 13:56:28.664  INFO 3492 --- [restartedMain] com.zaxxer.hikari.HikariDataSource       : HikariPool-1 - Starting...
2022-04-13 13:56:29.737  INFO 3492 --- [restartedMain] com.zaxxer.hikari.HikariDataSource       : HikariPool-1 - Start completed.
2022-04-13 13:56:29.884  INFO 3492 --- [restartedMain] o.hibernate.jpa.internal.util.LogHelper  : HHH000204: Processing PersistenceUnitInfo [name: default]
2022-04-13 13:56:30.072  INFO 3492 --- [restartedMain] org.hibernate.Version                    : HHH000412: Hibernate ORM core version 5.6.7.Final
2022-04-13 13:56:30.225  INFO 3492 --- [restartedMain] o.hibernate.annotations.common.Version   : HCANN000001: Hibernate Commons Annotations {5.1.2.Final}
2022-04-13 13:56:30.667  INFO 3492 --- [restartedMain] org.hibernate.dialect.Dialect            : HHH000400: Using dialect: org.hibernate.dialect.MySQL8Dialect
2022-04-13 13:56:31.167  INFO 3492 --- [restartedMain] o.h.e.t.j.p.i.JtaPlatformInitiator       : HHH000490: Using JtaPlatform implementation: [org.hibernate.engine.transaction.jta.platform.internal.NoJtaPlatform]
2022-04-13 13:56:31.198  INFO 3492 --- [restartedMain] j.LocalContainerEntityManagerFactoryBean : Initialized JPA EntityManagerFactory for persistence unit 'default'
2022-04-13 13:56:31.432  WARN 3492 --- [restartedMain] JpaBaseConfiguration$JpaWebConfiguration : spring.jpa.open-in-view is enabled by default. Therefore, database queries may be performed during view rendering. Explicitly configure spring.jpa.open-in-view to disable this warning
2022-04-13 13:56:32.557  INFO 3492 --- [restartedMain] o.s.b.d.a.OptionalLiveReloadServer       : LiveReload server is running on port 35729
2022-04-13 13:56:32.698  INFO 3492 --- [restartedMain] o.s.b.w.embedded.tomcat.TomcatWebServer  : Tomcat started on port(s): 8080 (http) with context path ''
2022-04-13 13:56:32.729  INFO 3492 --- [restartedMain] i.e.EmployeePayrollAppBackEndApplication : Started EmployeePayrollAppBackEndApplication in 11.326 seconds (JVM running for 14.619)
2022-04-13 13:56:32.745  INFO 3492 --- [restartedMain] i.e.EmployeePayrollAppBackEndApplication : Employee Payroll App Service Started.
